app/build/intermediates/manifest_merge_blame_file/debug/processDebugMainManifest/manifest-merger-blame-debug-report.txt
1<?xml version="1.0" encoding="utf-8"?>
2<manifest xmlns:android="http://schemas.android.com/apk/res/android"
3    package="com.ainotes"
4    android:versionCode="1"
5    android:versionName="1.0" >
6
7    <uses-sdk
8        android:minSdkVersion="26"
9        android:targetSdkVersion="35" />
10
11    <!-- Permissions -->
12    <uses-permission
12-->src\main\AndroidManifest.xml:6:5-7:38
13        android:name="android.permission.READ_EXTERNAL_STORAGE"
13-->src\main\AndroidManifest.xml:6:22-77
14        android:maxSdkVersion="32" />
14-->src\main\AndroidManifest.xml:7:9-35
15    <uses-permission android:name="android.permission.READ_MEDIA_IMAGES" />
15-->src\main\AndroidManifest.xml:8:5-76
15-->src\main\AndroidManifest.xml:8:22-73
16    <uses-permission android:name="android.permission.READ_MEDIA_DOCUMENTS" />
16-->src\main\AndroidManifest.xml:9:5-79
16-->src\main\AndroidManifest.xml:9:22-76
17    <uses-permission android:name="android.permission.INTERNET" />
17-->src\main\AndroidManifest.xml:10:5-67
17-->src\main\AndroidManifest.xml:10:22-64
18    <uses-permission android:name="android.permission.FOREGROUND_SERVICE" />
18-->src\main\AndroidManifest.xml:11:5-77
18-->src\main\AndroidManifest.xml:11:22-74
19    <uses-permission android:name="android.permission.FOREGROUND_SERVICE_DATA_SYNC" />
19-->src\main\AndroidManifest.xml:12:5-87
19-->src\main\AndroidManifest.xml:12:22-84
20    <uses-permission android:name="android.permission.POST_NOTIFICATIONS" />
20-->src\main\AndroidManifest.xml:13:5-77
20-->src\main\AndroidManifest.xml:13:22-74
21    <uses-permission android:name="android.permission.WAKE_LOCK" />
21-->[androidx.work:work-runtime:2.9.0] AndroidManifest.xml:23:5-68
21-->[androidx.work:work-runtime:2.9.0] AndroidManifest.xml:23:22-65
22    <uses-permission android:name="android.permission.ACCESS_NETWORK_STATE" />
22-->[androidx.work:work-runtime:2.9.0] AndroidManifest.xml:24:5-79
22-->[androidx.work:work-runtime:2.9.0] AndroidManifest.xml:24:22-76
23    <uses-permission android:name="android.permission.RECEIVE_BOOT_COMPLETED" />
23-->[androidx.work:work-runtime:2.9.0] AndroidManifest.xml:25:5-81
23-->[androidx.work:work-runtime:2.9.0] AndroidManifest.xml:25:22-78
24    <uses-permission android:name="com.google.android.providers.gsf.permission.READ_GSERVICES" />
24-->[com.google.android.recaptcha:recaptcha:18.4.0] AndroidManifest.xml:9:5-98
24-->[com.google.android.recaptcha:recaptcha:18.4.0] AndroidManifest.xml:9:22-95
25
26    <permission
26-->[androidx.core:core:1.13.1] AndroidManifest.xml:22:5-24:47
27        android:name="com.ainotes.DYNAMIC_RECEIVER_NOT_EXPORTED_PERMISSION"
27-->[androidx.core:core:1.13.1] AndroidManifest.xml:23:9-81
28        android:protectionLevel="signature" />
28-->[androidx.core:core:1.13.1] AndroidManifest.xml:24:9-44
29
30    <uses-permission android:name="com.ainotes.DYNAMIC_RECEIVER_NOT_EXPORTED_PERMISSION" />
30-->[androidx.core:core:1.13.1] AndroidManifest.xml:26:5-97
30-->[androidx.core:core:1.13.1] AndroidManifest.xml:26:22-94
31
32    <application
32-->src\main\AndroidManifest.xml:15:5-60:19
33        android:name="com.ainotes.AiNotesApplication"
33-->src\main\AndroidManifest.xml:16:9-43
34        android:allowBackup="true"
34-->src\main\AndroidManifest.xml:17:9-35
35        android:appComponentFactory="androidx.core.app.CoreComponentFactory"
35-->[androidx.core:core:1.13.1] AndroidManifest.xml:28:18-86
36        android:dataExtractionRules="@xml/data_extraction_rules"
36-->src\main\AndroidManifest.xml:18:9-65
37        android:debuggable="true"
38        android:extractNativeLibs="false"
39        android:fullBackupContent="@xml/backup_rules"
39-->src\main\AndroidManifest.xml:19:9-54
40        android:icon="@mipmap/ic_launcher"
40-->src\main\AndroidManifest.xml:20:9-43
41        android:label="@string/app_name"
41-->src\main\AndroidManifest.xml:21:9-41
42        android:roundIcon="@mipmap/ic_launcher_round"
42-->src\main\AndroidManifest.xml:22:9-54
43        android:supportsRtl="true"
43-->src\main\AndroidManifest.xml:23:9-35
44        android:theme="@style/Theme.AInotes" >
44-->src\main\AndroidManifest.xml:24:9-45
45        <activity
45-->src\main\AndroidManifest.xml:27:9-51:20
46            android:name="com.ainotes.MainActivity"
46-->src\main\AndroidManifest.xml:28:13-41
47            android:exported="true"
47-->src\main\AndroidManifest.xml:29:13-36
48            android:theme="@style/Theme.AInotes" >
48-->src\main\AndroidManifest.xml:30:13-49
49            <intent-filter>
49-->src\main\AndroidManifest.xml:31:13-34:29
50                <action android:name="android.intent.action.MAIN" />
50-->src\main\AndroidManifest.xml:32:17-69
50-->src\main\AndroidManifest.xml:32:25-66
51
52                <category android:name="android.intent.category.LAUNCHER" />
52-->src\main\AndroidManifest.xml:33:17-77
52-->src\main\AndroidManifest.xml:33:27-74
53            </intent-filter>
54            <!-- Accept PDF/image/text files shared from other apps -->
55            <intent-filter>
55-->src\main\AndroidManifest.xml:36:13-40:29
56                <action android:name="android.intent.action.SEND" />
56-->src\main\AndroidManifest.xml:37:17-69
56-->src\main\AndroidManifest.xml:37:25-66
57
58                <category android:name="android.intent.category.DEFAULT" />
58-->src\main\AndroidManifest.xml:38:17-76
58-->src\main\AndroidManifest.xml:38:27-73
59
60                <data android:mimeType="application/pdf" />
60-->src\main\AndroidManifest.xml:39:17-60
60-->src\main\AndroidManifest.xml:39:23-57
61            </intent-filter>
62            <intent-filter>
62-->src\main\AndroidManifest.xml:41:13-45:29
63                <action android:name="android.intent.action.SEND" />
63-->src\main\AndroidManifest.xml:37:17-69
63-->src\main\AndroidManifest.xml:37:25-66
64
65                <category android:name="android.intent.category.DEFAULT" />
65-->src\main\AndroidManifest.xml:38:17-76
65-->src\main\AndroidManifest.xml:38:27-73
66
67                <data android:mimeType="image/*" />
67-->src\main\AndroidManifest.xml:39:17-60
67-->src\main\AndroidManifest.xml:39:23-57
68            </intent-filter>
69            <intent-filter>
69-->src\main\AndroidManifest.xml:46:13-50:29
70                <action android:name="android.intent.action.SEND" />
70-->src\main\AndroidManifest.xml:37:17-69
70-->src\main\AndroidManifest.xml:37:25-66
71
72                <category android:name="android.intent.category.DEFAULT" />
72-->src\main\AndroidManifest.xml:38:17-76
72-->src\main\AndroidManifest.xml:38:27-73
73
74                <data android:mimeType="text/plain" />
74-->src\main\AndroidManifest.xml:39:17-60
74-->src\main\AndroidManifest.xml:39:23-57
75            </intent-filter>
76        </activity>
77
78        <!-- Foreground service for large file processing -->
79        <service
79-->src\main\AndroidManifest.xml:54:9-58:56
80            android:name="com.ainotes.service.DocumentProcessingService"
80-->src\main\AndroidManifest.xml:55:13-62
81            android:enabled="true"
81-->src\main\AndroidManifest.xml:56:13-35
82            android:exported="false"
82-->src\main\AndroidManifest.xml:57:13-37
83            android:foregroundServiceType="dataSync" />
83-->src\main\AndroidManifest.xml:58:13-53
84        <service
84-->[com.google.android.gms:play-services-mlkit-text-recognition-common:19.0.0] AndroidManifest.xml:9:9-15:19
85            android:name="com.google.mlkit.common.internal.MlKitComponentDiscoveryService"
85-->[com.google.android.gms:play-services-mlkit-text-recognition-common:19.0.0] AndroidManifest.xml:10:13-91
86            android:directBootAware="true"
86-->[com.google.mlkit:common:18.8.0] AndroidManifest.xml:17:13-43
87            android:exported="false" >
87-->[com.google.android.gms:play-services-mlkit-text-recognition-common:19.0.0] AndroidManifest.xml:11:13-37
88            <meta-data
88-->[com.google.android.gms:play-services-mlkit-text-recognition-common:19.0.0] AndroidManifest.xml:12:13-14:85
89                android:name="com.google.firebase.components:com.google.mlkit.vision.text.internal.TextRegistrar"
89-->[com.google.android.gms:play-services-mlkit-text-recognition-common:19.0.0] AndroidManifest.xml:13:17-114
90                android:value="com.google.firebase.components.ComponentRegistrar" />
90-->[com.google.android.gms:play-services-mlkit-text-recognition-common:19.0.0] AndroidManifest.xml:14:17-82
91            <meta-data
91-->[com.google.mlkit:vision-common:17.3.0] AndroidManifest.xml:12:13-14:85
92                android:name="com.google.firebase.components:com.google.mlkit.vision.common.internal.VisionCommonRegistrar"
92-->[com.google.mlkit:vision-common:17.3.0] AndroidManifest.xml:13:17-124
93                android:value="com.google.firebase.components.ComponentRegistrar" />
93-->[com.google.mlkit:vision-common:17.3.0] AndroidManifest.xml:14:17-82
94            <meta-data
94-->[com.google.mlkit:common:18.8.0] AndroidManifest.xml:20:13-22:85
95                android:name="com.google.firebase.components:com.google.mlkit.common.internal.CommonComponentRegistrar"
95-->[com.google.mlkit:common:18.8.0] AndroidManifest.xml:21:17-120
96                android:value="com.google.firebase.components.ComponentRegistrar" />
96-->[com.google.mlkit:common:18.8.0] AndroidManifest.xml:22:17-82
97        </service>
98
99        <provider
99-->[com.google.mlkit:common:18.8.0] AndroidManifest.xml:9:9-13:38
100            android:name="com.google.mlkit.common.internal.MlKitInitProvider"
100-->[com.google.mlkit:common:18.8.0] AndroidManifest.xml:10:13-78
101            android:authorities="com.ainotes.mlkitinitprovider"
101-->[com.google.mlkit:common:18.8.0] AndroidManifest.xml:11:13-69
102            android:exported="false"
102-->[com.google.mlkit:common:18.8.0] AndroidManifest.xml:12:13-37
103            android:initOrder="99" />
103-->[com.google.mlkit:common:18.8.0] AndroidManifest.xml:13:13-35
104        <provider
104-->[androidx.work:work-runtime:2.9.0] AndroidManifest.xml:29:9-37:20
105            android:name="androidx.startup.InitializationProvider"
105-->[androidx.work:work-runtime:2.9.0] AndroidManifest.xml:30:13-67
106            android:authorities="com.ainotes.androidx-startup"
106-->[androidx.work:work-runtime:2.9.0] AndroidManifest.xml:31:13-68
107            android:exported="false" >
107-->[androidx.work:work-runtime:2.9.0] AndroidManifest.xml:32:13-37
108            <meta-data
108-->[androidx.work:work-runtime:2.9.0] AndroidManifest.xml:34:13-36:52
109                android:name="androidx.work.WorkManagerInitializer"
109-->[androidx.work:work-runtime:2.9.0] AndroidManifest.xml:35:17-68
110                android:value="androidx.startup" />
110-->[androidx.work:work-runtime:2.9.0] AndroidManifest.xml:36:17-49
111            <meta-data
111-->[androidx.emoji2:emoji2:1.3.0] AndroidManifest.xml:29:13-31:52
112                android:name="androidx.emoji2.text.EmojiCompatInitializer"
112-->[androidx.emoji2:emoji2:1.3.0] AndroidManifest.xml:30:17-75
113                android:value="androidx.startup" />
113-->[androidx.emoji2:emoji2:1.3.0] AndroidManifest.xml:31:17-49
114            <meta-data
114-->[androidx.lifecycle:lifecycle-process:2.8.1] AndroidManifest.xml:29:13-31:52
115                android:name="androidx.lifecycle.ProcessLifecycleInitializer"
115-->[androidx.lifecycle:lifecycle-process:2.8.1] AndroidManifest.xml:30:17-78
116                android:value="androidx.startup" />
116-->[androidx.lifecycle:lifecycle-process:2.8.1] AndroidManifest.xml:31:17-49
117            <meta-data
117-->[androidx.profileinstaller:profileinstaller:1.3.1] AndroidManifest.xml:29:13-31:52
118                android:name="androidx.profileinstaller.ProfileInstallerInitializer"
118-->[androidx.profileinstaller:profileinstaller:1.3.1] AndroidManifest.xml:30:17-85
119                android:value="androidx.startup" />
119-->[androidx.profileinstaller:profileinstaller:1.3.1] AndroidManifest.xml:31:17-49
120        </provider>
121
122        <service
122-->[androidx.work:work-runtime:2.9.0] AndroidManifest.xml:39:9-45:35
123            android:name="androidx.work.impl.background.systemalarm.SystemAlarmService"
123-->[androidx.work:work-runtime:2.9.0] AndroidManifest.xml:40:13-88
124            android:directBootAware="false"
124-->[androidx.work:work-runtime:2.9.0] AndroidManifest.xml:41:13-44
125            android:enabled="@bool/enable_system_alarm_service_default"
125-->[androidx.work:work-runtime:2.9.0] AndroidManifest.xml:42:13-72
126            android:exported="false" />
126-->[androidx.work:work-runtime:2.9.0] AndroidManifest.xml:43:13-37
127        <service
127-->[androidx.work:work-runtime:2.9.0] AndroidManifest.xml:46:9-52:35
128            android:name="androidx.work.impl.background.systemjob.SystemJobService"
128-->[androidx.work:work-runtime:2.9.0] AndroidManifest.xml:47:13-84
129            android:directBootAware="false"
129-->[androidx.work:work-runtime:2.9.0] AndroidManifest.xml:48:13-44
130            android:enabled="@bool/enable_system_job_service_default"
130-->[androidx.work:work-runtime:2.9.0] AndroidManifest.xml:49:13-70
131            android:exported="true"
131-->[androidx.work:work-runtime:2.9.0] AndroidManifest.xml:50:13-36
132            android:permission="android.permission.BIND_JOB_SERVICE" />
132-->[androidx.work:work-runtime:2.9.0] AndroidManifest.xml:51:13-69
133        <service
133-->[androidx.work:work-runtime:2.9.0] AndroidManifest.xml:53:9-59:35
134            android:name="androidx.work.impl.foreground.SystemForegroundService"
134-->[androidx.work:work-runtime:2.9.0] AndroidManifest.xml:54:13-81
135            android:directBootAware="false"
135-->[androidx.work:work-runtime:2.9.0] AndroidManifest.xml:55:13-44
136            android:enabled="@bool/enable_system_foreground_service_default"
136-->[androidx.work:work-runtime:2.9.0] AndroidManifest.xml:56:13-77
137            android:exported="false" />
137-->[androidx.work:work-runtime:2.9.0] AndroidManifest.xml:57:13-37
138
139        <receiver
139-->[androidx.work:work-runtime:2.9.0] AndroidManifest.xml:61:9-66:35
140            android:name="androidx.work.impl.utils.ForceStopRunnable$BroadcastReceiver"
140-->[androidx.work:work-runtime:2.9.0] AndroidManifest.xml:62:13-88
141            android:directBootAware="false"
141-->[androidx.work:work-runtime:2.9.0] AndroidManifest.xml:63:13-44
142            android:enabled="true"
142-->[androidx.work:work-runtime:2.9.0] AndroidManifest.xml:64:13-35
143            android:exported="false" />
143-->[androidx.work:work-runtime:2.9.0] AndroidManifest.xml:65:13-37
144        <receiver
144-->[androidx.work:work-runtime:2.9.0] AndroidManifest.xml:67:9-77:20
145            android:name="androidx.work.impl.background.systemalarm.ConstraintProxy$BatteryChargingProxy"
145-->[androidx.work:work-runtime:2.9.0] AndroidManifest.xml:68:13-106
146            android:directBootAware="false"
146-->[androidx.work:work-runtime:2.9.0] AndroidManifest.xml:69:13-44
147            android:enabled="false"
147-->[androidx.work:work-runtime:2.9.0] AndroidManifest.xml:70:13-36
148            android:exported="false" >
148-->[androidx.work:work-runtime:2.9.0] AndroidManifest.xml:71:13-37
149            <intent-filter>
149-->[androidx.work:work-runtime:2.9.0] AndroidManifest.xml:73:13-76:29
150                <action android:name="android.intent.action.ACTION_POWER_CONNECTED" />
150-->[androidx.work:work-runtime:2.9.0] AndroidManifest.xml:74:17-87
150-->[androidx.work:work-runtime:2.9.0] AndroidManifest.xml:74:25-84
151                <action android:name="android.intent.action.ACTION_POWER_DISCONNECTED" />
151-->[androidx.work:work-runtime:2.9.0] AndroidManifest.xml:75:17-90
151-->[androidx.work:work-runtime:2.9.0] AndroidManifest.xml:75:25-87
152            </intent-filter>
153        </receiver>
154        <receiver
154-->[androidx.work:work-runtime:2.9.0] AndroidManifest.xml:78:9-88:20
155            android:name="androidx.work.impl.background.systemalarm.ConstraintProxy$BatteryNotLowProxy"
155-->[androidx.work:work-runtime:2.9.0] AndroidManifest.xml:79:13-104
156            android:directBootAware="false"
156-->[androidx.work:work-runtime:2.9.0] AndroidManifest.xml:80:13-44
157            android:enabled="false"
157-->[androidx.work:work-runtime:2.9.0] AndroidManifest.xml:81:13-36
158            android:exported="false" >
158-->[androidx.work:work-runtime:2.9.0] AndroidManifest.xml:82:13-37
159            <intent-filter>
159-->[androidx.work:work-runtime:2.9.0] AndroidManifest.xml:84:13-87:29
160                <action android:name="android.intent.action.BATTERY_OKAY" />
160-->[androidx.work:work-runtime:2.9.0] AndroidManifest.xml:85:17-77
160-->[androidx.work:work-runtime:2.9.0] AndroidManifest.xml:85:25-74
161                <action android:name="android.intent.action.BATTERY_LOW" />
161-->[androidx.work:work-runtime:2.9.0] AndroidManifest.xml:86:17-76
161-->[androidx.work:work-runtime:2.9.0] AndroidManifest.xml:86:25-73
162            </intent-filter>
163        </receiver>
164        <receiver
164-->[androidx.work:work-runtime:2.9.0] AndroidManifest.xml:89:9-99:20
165            android:name="androidx.work.impl.background.systemalarm.ConstraintProxy$StorageNotLowProxy"
165-->[androidx.work:work-runtime:2.9.0] AndroidManifest.xml:90:13-104
166            android:directBootAware="false"
166-->[androidx.work:work-runtime:2.9.0] AndroidManifest.xml:91:13-44
167            android:enabled="false"
167-->[androidx.work:work-runtime:2.9.0] AndroidManifest.xml:92:13-36
168            android:exported="false" >
168-->[androidx.work:work-runtime:2.9.0] AndroidManifest.xml:93:13-37
169            <intent-filter>
169-->[androidx.work:work-runtime:2.9.0] AndroidManifest.xml:95:13-98:29
170                <action android:name="android.intent.action.DEVICE_STORAGE_LOW" />
170-->[androidx.work:work-runtime:2.9.0] AndroidManifest.xml:96:17-83
170-->[androidx.work:work-runtime:2.9.0] AndroidManifest.xml:96:25-80
171                <action android:name="android.intent.action.DEVICE_STORAGE_OK" />
171-->[androidx.work:work-runtime:2.9.0] AndroidManifest.xml:97:17-82
171-->[androidx.work:work-runtime:2.9.0] AndroidManifest.xml:97:25-79
172            </intent-filter>
173        </receiver>
174        <receiver
174-->[androidx.work:work-runtime:2.9.0] AndroidManifest.xml:100:9-109:20
175            android:name="androidx.work.impl.background.systemalarm.ConstraintProxy$NetworkStateProxy"
175-->[androidx.work:work-runtime:2.9.0] AndroidManifest.xml:101:13-103
176            android:directBootAware="false"
176-->[androidx.work:work-runtime:2.9.0] AndroidManifest.xml:102:13-44
177            android:enabled="false"
177-->[androidx.work:work-runtime:2.9.0] AndroidManifest.xml:103:13-36
178            android:exported="false" >
178-->[androidx.work:work-runtime:2.9.0] AndroidManifest.xml:104:13-37
179            <intent-filter>
179-->[androidx.work:work-runtime:2.9.0] AndroidManifest.xml:106:13-108:29
180                <action android:name="android.net.conn.CONNECTIVITY_CHANGE" />
180-->[androidx.work:work-runtime:2.9.0] AndroidManifest.xml:107:17-79
180-->[androidx.work:work-runtime:2.9.0] AndroidManifest.xml:107:25-76
181            </intent-filter>
182        </receiver>
183        <receiver
183-->[androidx.work:work-runtime:2.9.0] AndroidManifest.xml:110:9-121:20
184            android:name="androidx.work.impl.background.systemalarm.RescheduleReceiver"
184-->[androidx.work:work-runtime:2.9.0] AndroidManifest.xml:111:13-88
185            android:directBootAware="false"
185-->[androidx.work:work-runtime:2.9.0] AndroidManifest.xml:112:13-44
186            android:enabled="false"
186-->[androidx.work:work-runtime:2.9.0] AndroidManifest.xml:113:13-36
187            android:exported="false" >
187-->[androidx.work:work-runtime:2.9.0] AndroidManifest.xml:114:13-37
188            <intent-filter>
188-->[androidx.work:work-runtime:2.9.0] AndroidManifest.xml:116:13-120:29
189                <action android:name="android.intent.action.BOOT_COMPLETED" />
189-->[androidx.work:work-runtime:2.9.0] AndroidManifest.xml:117:17-79
189-->[androidx.work:work-runtime:2.9.0] AndroidManifest.xml:117:25-76
190                <action android:name="android.intent.action.TIME_SET" />
190-->[androidx.work:work-runtime:2.9.0] AndroidManifest.xml:118:17-73
190-->[androidx.work:work-runtime:2.9.0] AndroidManifest.xml:118:25-70
191                <action android:name="android.intent.action.TIMEZONE_CHANGED" />
191-->[androidx.work:work-runtime:2.9.0] AndroidManifest.xml:119:17-81
191-->[androidx.work:work-runtime:2.9.0] AndroidManifest.xml:119:25-78
192            </intent-filter>
193        </receiver>
194        <receiver
194-->[androidx.work:work-runtime:2.9.0] AndroidManifest.xml:122:9-131:20
195            android:name="androidx.work.impl.background.systemalarm.ConstraintProxyUpdateReceiver"
195-->[androidx.work:work-runtime:2.9.0] AndroidManifest.xml:123:13-99
196            android:directBootAware="false"
196-->[androidx.work:work-runtime:2.9.0] AndroidManifest.xml:124:13-44
197            android:enabled="@bool/enable_system_alarm_service_default"
197-->[androidx.work:work-runtime:2.9.0] AndroidManifest.xml:125:13-72
198            android:exported="false" >
198-->[androidx.work:work-runtime:2.9.0] AndroidManifest.xml:126:13-37
199            <intent-filter>
199-->[androidx.work:work-runtime:2.9.0] AndroidManifest.xml:128:13-130:29
200                <action android:name="androidx.work.impl.background.systemalarm.UpdateProxies" />
200-->[androidx.work:work-runtime:2.9.0] AndroidManifest.xml:129:17-98
200-->[androidx.work:work-runtime:2.9.0] AndroidManifest.xml:129:25-95
201            </intent-filter>
202        </receiver>
203        <receiver
203-->[androidx.work:work-runtime:2.9.0] AndroidManifest.xml:132:9-142:20
204            android:name="androidx.work.impl.diagnostics.DiagnosticsReceiver"
204-->[androidx.work:work-runtime:2.9.0] AndroidManifest.xml:133:13-78
205            android:directBootAware="false"
205-->[androidx.work:work-runtime:2.9.0] AndroidManifest.xml:134:13-44
206            android:enabled="true"
206-->[androidx.work:work-runtime:2.9.0] AndroidManifest.xml:135:13-35
207            android:exported="true"
207-->[androidx.work:work-runtime:2.9.0] AndroidManifest.xml:136:13-36
208            android:permission="android.permission.DUMP" >
208-->[androidx.work:work-runtime:2.9.0] AndroidManifest.xml:137:13-57
209            <intent-filter>
209-->[androidx.work:work-runtime:2.9.0] AndroidManifest.xml:139:13-141:29
210                <action android:name="androidx.work.diagnostics.REQUEST_DIAGNOSTICS" />
210-->[androidx.work:work-runtime:2.9.0] AndroidManifest.xml:140:17-88
210-->[androidx.work:work-runtime:2.9.0] AndroidManifest.xml:140:25-85
211            </intent-filter>
212        </receiver>
213
214        <activity
214-->[com.google.firebase:firebase-auth:23.0.0] AndroidManifest.xml:29:9-46:20
215            android:name="com.google.firebase.auth.internal.GenericIdpActivity"
215-->[com.google.firebase:firebase-auth:23.0.0] AndroidManifest.xml:30:13-80
216            android:excludeFromRecents="true"
216-->[com.google.firebase:firebase-auth:23.0.0] AndroidManifest.xml:31:13-46
217            android:exported="true"
217-->[com.google.firebase:firebase-auth:23.0.0] AndroidManifest.xml:32:13-36
218            android:launchMode="singleTask"
218-->[com.google.firebase:firebase-auth:23.0.0] AndroidManifest.xml:33:13-44
219            android:theme="@android:style/Theme.Translucent.NoTitleBar" >
219-->[com.google.firebase:firebase-auth:23.0.0] AndroidManifest.xml:34:13-72
220            <intent-filter>
220-->[com.google.firebase:firebase-auth:23.0.0] AndroidManifest.xml:35:13-45:29
221                <action android:name="android.intent.action.VIEW" />
221-->[com.google.firebase:firebase-auth:23.0.0] AndroidManifest.xml:36:17-69
221-->[com.google.firebase:firebase-auth:23.0.0] AndroidManifest.xml:36:25-66
222
223                <category android:name="android.intent.category.DEFAULT" />
223-->src\main\AndroidManifest.xml:38:17-76
223-->src\main\AndroidManifest.xml:38:27-73
224                <category android:name="android.intent.category.BROWSABLE" />
224-->[com.google.firebase:firebase-auth:23.0.0] AndroidManifest.xml:39:17-78
224-->[com.google.firebase:firebase-auth:23.0.0] AndroidManifest.xml:39:27-75
225
226                <data
226-->src\main\AndroidManifest.xml:39:17-60
227                    android:host="firebase.auth"
228                    android:path="/"
229                    android:scheme="genericidp" />
230            </intent-filter>
231        </activity>
232        <activity
232-->[com.google.firebase:firebase-auth:23.0.0] AndroidManifest.xml:47:9-64:20
233            android:name="com.google.firebase.auth.internal.RecaptchaActivity"
233-->[com.google.firebase:firebase-auth:23.0.0] AndroidManifest.xml:48:13-79
234            android:excludeFromRecents="true"
234-->[com.google.firebase:firebase-auth:23.0.0] AndroidManifest.xml:49:13-46
235            android:exported="true"
235-->[com.google.firebase:firebase-auth:23.0.0] AndroidManifest.xml:50:13-36
236            android:launchMode="singleTask"
236-->[com.google.firebase:firebase-auth:23.0.0] AndroidManifest.xml:51:13-44
237            android:theme="@android:style/Theme.Translucent.NoTitleBar" >
237-->[com.google.firebase:firebase-auth:23.0.0] AndroidManifest.xml:52:13-72
238            <intent-filter>
238-->[com.google.firebase:firebase-auth:23.0.0] AndroidManifest.xml:53:13-63:29
239                <action android:name="android.intent.action.VIEW" />
239-->[com.google.firebase:firebase-auth:23.0.0] AndroidManifest.xml:36:17-69
239-->[com.google.firebase:firebase-auth:23.0.0] AndroidManifest.xml:36:25-66
240
241                <category android:name="android.intent.category.DEFAULT" />
241-->src\main\AndroidManifest.xml:38:17-76
241-->src\main\AndroidManifest.xml:38:27-73
242                <category android:name="android.intent.category.BROWSABLE" />
242-->[com.google.firebase:firebase-auth:23.0.0] AndroidManifest.xml:39:17-78
242-->[com.google.firebase:firebase-auth:23.0.0] AndroidManifest.xml:39:27-75
243
244                <data
244-->src\main\AndroidManifest.xml:39:17-60
245                    android:host="firebase.auth"
246                    android:path="/"
247                    android:scheme="recaptcha" />
248            </intent-filter>
249        </activity>
250
251        <service
251-->[com.google.firebase:firebase-auth:23.0.0] AndroidManifest.xml:66:9-72:19
252            android:name="com.google.firebase.components.ComponentDiscoveryService"
252-->[com.google.firebase:firebase-auth:23.0.0] AndroidManifest.xml:67:13-84
253            android:directBootAware="true"
253-->[com.google.firebase:firebase-common:21.0.0] AndroidManifest.xml:32:13-43
254            android:exported="false" >
254-->[com.google.firebase:firebase-auth:23.0.0] AndroidManifest.xml:68:13-37
255            <meta-data
255-->[com.google.firebase:firebase-auth:23.0.0] AndroidManifest.xml:69:13-71:85
256                android:name="com.google.firebase.components:com.google.firebase.auth.FirebaseAuthRegistrar"
256-->[com.google.firebase:firebase-auth:23.0.0] AndroidManifest.xml:70:17-109
257                android:value="com.google.firebase.components.ComponentRegistrar" />
257-->[com.google.firebase:firebase-auth:23.0.0] AndroidManifest.xml:71:17-82
258            <meta-data
258-->[com.google.firebase:firebase-firestore:25.0.0] AndroidManifest.xml:17:13-19:85
259                android:name="com.google.firebase.components:com.google.firebase.firestore.FirebaseFirestoreKtxRegistrar"
259-->[com.google.firebase:firebase-firestore:25.0.0] AndroidManifest.xml:18:17-122
260                android:value="com.google.firebase.components.ComponentRegistrar" />
260-->[com.google.firebase:firebase-firestore:25.0.0] AndroidManifest.xml:19:17-82
261            <meta-data
261-->[com.google.firebase:firebase-firestore:25.0.0] AndroidManifest.xml:20:13-22:85
262                android:name="com.google.firebase.components:com.google.firebase.firestore.FirestoreRegistrar"
262-->[com.google.firebase:firebase-firestore:25.0.0] AndroidManifest.xml:21:17-111
263                android:value="com.google.firebase.components.ComponentRegistrar" />
263-->[com.google.firebase:firebase-firestore:25.0.0] AndroidManifest.xml:22:17-82
264            <meta-data
264-->[com.google.firebase:firebase-storage:21.0.0] AndroidManifest.xml:30:13-32:85
265                android:name="com.google.firebase.components:com.google.firebase.storage.FirebaseStorageKtxRegistrar"
265-->[com.google.firebase:firebase-storage:21.0.0] AndroidManifest.xml:31:17-118
266                android:value="com.google.firebase.components.ComponentRegistrar" />
266-->[com.google.firebase:firebase-storage:21.0.0] AndroidManifest.xml:32:17-82
267            <meta-data
267-->[com.google.firebase:firebase-storage:21.0.0] AndroidManifest.xml:33:13-35:85
268                android:name="com.google.firebase.components:com.google.firebase.storage.StorageRegistrar"
268-->[com.google.firebase:firebase-storage:21.0.0] AndroidManifest.xml:34:17-107
269                android:value="com.google.firebase.components.ComponentRegistrar" />
269-->[com.google.firebase:firebase-storage:21.0.0] AndroidManifest.xml:35:17-82
270            <meta-data
270-->[com.google.firebase:firebase-appcheck:18.0.0] AndroidManifest.xml:25:13-27:85
271                android:name="com.google.firebase.components:com.google.firebase.appcheck.FirebaseAppCheckKtxRegistrar"
271-->[com.google.firebase:firebase-appcheck:18.0.0] AndroidManifest.xml:26:17-120
272                android:value="com.google.firebase.components.ComponentRegistrar" />
272-->[com.google.firebase:firebase-appcheck:18.0.0] AndroidManifest.xml:27:17-82
273            <meta-data
273-->[com.google.firebase:firebase-appcheck:18.0.0] AndroidManifest.xml:28:13-30:85